This is pdfTeX, Version 3.14159265-2.6-1.40.21 (MiKTeX 20.10) (preloaded format=pdflatex 2020.10.30)  12 NOV 2020 20:47
entering extended mode
**"./Filter Design Assignment.tex"
("Filter Design Assignment.tex"
LaTeX2e <2020-10-01> patch level 2
L3 programming layer <2020-10-05> xparse <2020-03-03>
("C:\Users\User\AppData\Local\Programs\MiKTeX 2.9\tex/latex/base\article.cls"
Document Class: article 2020/04/10 v1.4m Standard LaTeX document class
("C:\Users\User\AppData\Local\Programs\MiKTeX 2.9\tex/latex/base\size12.clo"
File: size12.clo 2020/04/10 v1.4m Standard LaTeX file (size option)
)
\c@part=\count175
\c@section=\count176
\c@subsection=\count177
\c@subsubsection=\count178
\c@paragraph=\count179
\c@subparagraph=\count180
\c@figure=\count181
\c@table=\count182
\abovecaptionskip=\skip47
\belowcaptionskip=\skip48
\bibindent=\dimen138
)
("C:\Users\User\AppData\Local\Programs\MiKTeX 2.9\tex/latex/graphics\graphicx.s
ty"
Package: graphicx 2020/09/09 v1.2b Enhanced LaTeX Graphics (DPC,SPQR)

("C:\Users\User\AppData\Local\Programs\MiKTeX 2.9\tex/latex/graphics\keyval.sty
"
Package: keyval 2014/10/28 v1.15 key=value parser (DPC)
\KV@toks@=\toks15
)
("C:\Users\User\AppData\Local\Programs\MiKTeX 2.9\tex/latex/graphics\graphics.s
ty"
Package: graphics 2020/08/30 v1.4c Standard LaTeX Graphics (DPC,SPQR)

("C:\Users\User\AppData\Local\Programs\MiKTeX 2.9\tex/latex/graphics\trig.sty"
Package: trig 2016/01/03 v1.10 sin cos tan (DPC)
)
("C:\Users\User\AppData\Local\Programs\MiKTeX 2.9\tex/latex/graphics-cfg\graphi
cs.cfg"
File: graphics.cfg 2016/06/04 v1.11 sample graphics configuration
)
Package graphics Info: Driver file: pdftex.def on input line 105.

("C:\Users\User\AppData\Local\Programs\MiKTeX 2.9\tex/latex/graphics-def\pdftex
.def"
File: pdftex.def 2020/10/05 v1.2a Graphics/color driver for pdftex
))
\Gin@req@height=\dimen139
\Gin@req@width=\dimen140
)
("C:\Users\User\AppData\Local\Programs\MiKTeX 2.9\tex/latex/amsmath\amsmath.sty
"
Package: amsmath 2020/09/23 v2.17i AMS math features
\@mathmargin=\skip49

For additional information on amsmath, use the `?' option.
("C:\Users\User\AppData\Local\Programs\MiKTeX 2.9\tex/latex/amsmath\amstext.sty
"
Package: amstext 2000/06/29 v2.01 AMS text
 ("C:\Users\User\AppData\Local\Programs\MiKTeX 2.9\tex/latex/amsmath\amsgen.sty
"
File: amsgen.sty 1999/11/30 v2.0 generic functions
\@emptytoks=\toks16
\ex@=\dimen141
))
("C:\Users\User\AppData\Local\Programs\MiKTeX 2.9\tex/latex/amsmath\amsbsy.sty"
Package: amsbsy 1999/11/29 v1.2d Bold Symbols
\pmbraise@=\dimen142
) ("C:\Users\User\AppData\Local\Programs\MiKTeX 2.9\tex/latex/amsmath\amsopn.st
y"
Package: amsopn 2016/03/08 v2.02 operator names
)
\inf@bad=\count183
LaTeX Info: Redefining \frac on input line 234.
\uproot@=\count184
\leftroot@=\count185
LaTeX Info: Redefining \overline on input line 399.
\classnum@=\count186
\DOTSCASE@=\count187
LaTeX Info: Redefining \ldots on input line 496.
LaTeX Info: Redefining \dots on input line 499.
LaTeX Info: Redefining \cdots on input line 620.
\Mathstrutbox@=\box47
\strutbox@=\box48
\big@size=\dimen143
LaTeX Font Info:    Redeclaring font encoding OML on input line 743.
LaTeX Font Info:    Redeclaring font encoding OMS on input line 744.
\macc@depth=\count188
\c@MaxMatrixCols=\count189
\dotsspace@=\muskip16
\c@parentequation=\count190
\dspbrk@lvl=\count191
\tag@help=\toks17
\row@=\count192
\column@=\count193
\maxfields@=\count194
\andhelp@=\toks18
\eqnshift@=\dimen144
\alignsep@=\dimen145
\tagshift@=\dimen146
\tagwidth@=\dimen147
\totwidth@=\dimen148
\lineht@=\dimen149
\@envbody=\toks19
\multlinegap=\skip50
\multlinetaggap=\skip51
\mathdisplay@stack=\toks20
LaTeX Info: Redefining \[ on input line 2923.
LaTeX Info: Redefining \] on input line 2924.
)
("C:\Users\User\AppData\Local\Programs\MiKTeX 2.9\tex/latex/caption\subcaption.
sty"
Package: subcaption 2020/10/07 v1.3j Sub-captions (AR)

("C:\Users\User\AppData\Local\Programs\MiKTeX 2.9\tex/latex/caption\caption.sty
"
Package: caption 2020/10/26 v3.5g Customizing captions (AR)

("C:\Users\User\AppData\Local\Programs\MiKTeX 2.9\tex/latex/caption\caption3.st
y"
Package: caption3 2020/10/21 v2.2e caption3 kernel (AR)
\captionmargin=\dimen150
\captionmargin@=\dimen151
\captionwidth=\dimen152
\caption@tempdima=\dimen153
\caption@indent=\dimen154
\caption@parindent=\dimen155
\caption@hangindent=\dimen156
Package caption Info: Standard document class detected.
)
\c@caption@flags=\count195
\c@continuedfloat=\count196
)
\c@subfigure=\count197
\c@subtable=\count198
)
("C:\Users\User\AppData\Local\Programs\MiKTeX 2.9\tex/latex/multirow\multirow.s
ty"
Package: multirow 2019/05/31 v2.5 Span multiple rows of a table
\multirow@colwidth=\skip52
\multirow@cntb=\count199
\multirow@dima=\skip53
\bigstrutjot=\dimen157
) ("C:\Users\User\AppData\Local\Programs\MiKTeX 2.9\tex/latex/float\float.sty"
Package: float 2001/11/08 v1.3d Float enhancements (AL)
\c@float@type=\count266
\float@exts=\toks21
\float@box=\box49
\@float@everytoks=\toks22
\@floatcapt=\box50
)
("C:\Users\User\AppData\Local\Programs\MiKTeX 2.9\tex/latex/setspace\setspace.s
ty"
Package: setspace 2011/12/19 v6.7a set line spacing
)
("C:\Users\User\AppData\Local\Programs\MiKTeX 2.9\tex/latex/enumitem\enumitem.s
ty"
Package: enumitem 2019/06/20 v3.9 Customized lists
\labelindent=\skip54
\enit@outerparindent=\dimen158
\enit@toks=\toks23
\enit@inbox=\box51
\enit@count@id=\count267
\enitdp@description=\count268
)
("C:\Users\User\AppData\Local\Programs\MiKTeX 2.9\tex/latex/base\inputenc.sty"
Package: inputenc 2020/08/01 v1.3d Input encoding file
\inpenc@prehook=\toks24
\inpenc@posthook=\toks25
) ("C:\Users\User\AppData\Local\Programs\MiKTeX 2.9\tex/generic/babel\babel.sty
"
Package: babel 2020/10/06 3.50 The Babel package
("C:\Users\User\AppData\Local\Programs\MiKTeX 2.9\tex/generic/babel\babel.def"
File: babel.def 2020/10/06 3.50 Babel common definitions
\babel@savecnt=\count269
\U@D=\dimen159
\l@babelnohyphens=\language79

("C:\Users\User\AppData\Local\Programs\MiKTeX 2.9\tex/generic/babel\txtbabel.de
f")
\bbl@readstream=\read2
)
\bbl@dirlevel=\count270

*************************************
* Local config file bblopts.cfg used
*
("C:\Users\User\AppData\Local\Programs\MiKTeX 2.9\tex/latex/arabi\bblopts.cfg"
File: bblopts.cfg 2005/09/08 v0.1 add Arabic and Farsi to "declared" options of
 babel
)
("C:\Users\User\AppData\Local\Programs\MiKTeX 2.9\tex/latex/babel-english\engli
sh.ldf"
Language: english 2017/06/06 v3.3r English support from the babel system
Package babel Info: \l@canadian = using hyphenrules for english
(babel)             (\language0) on input line 102.
Package babel Info: \l@australian = using hyphenrules for ukenglish
(babel)             (\language73) on input line 105.
Package babel Info: \l@newzealand = using hyphenrules for ukenglish
(babel)             (\language73) on input line 108.
))
("C:\Users\User\AppData\Local\Programs\MiKTeX 2.9\tex/latex/listings\listings.s
ty"
\lst@mode=\count271
\lst@gtempboxa=\box52
\lst@token=\toks26
\lst@length=\count272
\lst@currlwidth=\dimen160
\lst@column=\count273
\lst@pos=\count274
\lst@lostspace=\dimen161
\lst@width=\dimen162
\lst@newlines=\count275
\lst@lineno=\count276
\lst@maxwidth=\dimen163

("C:\Users\User\AppData\Local\Programs\MiKTeX 2.9\tex/latex/listings\lstmisc.st
y"
File: lstmisc.sty 2020/03/24 1.8d (Carsten Heinz)
\c@lstnumber=\count277
\lst@skipnumbers=\count278
\lst@framebox=\box53
)
("C:\Users\User\AppData\Local\Programs\MiKTeX 2.9\tex/latex/listings\listings.c
fg"
File: listings.cfg 2020/03/24 1.8d listings configuration
))
Package: listings 2020/03/24 1.8d (Carsten Heinz)

("C:\Users\User\AppData\Local\Programs\MiKTeX 2.9\tex/latex/geometry\geometry.s
ty"
Package: geometry 2020/01/02 v5.9 Page Geometry

("C:\Users\User\AppData\Local\Programs\MiKTeX 2.9\tex/generic/iftex\ifvtex.sty"
Package: ifvtex 2019/10/25 v1.7 ifvtex legacy package. Use iftex instead.
("C:\Users\User\AppData\Local\Programs\MiKTeX 2.9\tex/generic/iftex\iftex.sty"
Package: iftex 2020/03/06 v1.0d TeX engine tests
))
\Gm@cnth=\count279
\Gm@cntv=\count280
\c@Gm@tempcnt=\count281
\Gm@bindingoffset=\dimen164
\Gm@wd@mp=\dimen165
\Gm@odd@mp=\dimen166
\Gm@even@mp=\dimen167
\Gm@layoutwidth=\dimen168
\Gm@layoutheight=\dimen169
\Gm@layouthoffset=\dimen170
\Gm@layoutvoffset=\dimen171
\Gm@dimlist=\toks27

("C:\Users\User\AppData\Local\Programs\MiKTeX 2.9\tex/latex/geometry\geometry.c
fg"))
("C:\Users\User\AppData\Local\Programs\MiKTeX 2.9\tex/latex/hyperref\hyperref.s
ty"
Package: hyperref 2020-05-15 v7.00e Hypertext links for LaTeX

("C:\Users\User\AppData\Local\Programs\MiKTeX 2.9\tex/generic/ltxcmds\ltxcmds.s
ty"
Package: ltxcmds 2020-05-10 v1.25 LaTeX kernel commands for general use (HO)
)
("C:\Users\User\AppData\Local\Programs\MiKTeX 2.9\tex/generic/pdftexcmds\pdftex
cmds.sty"
Package: pdftexcmds 2020-06-27 v0.33 Utility functions of pdfTeX for LuaTeX (HO
)

("C:\Users\User\AppData\Local\Programs\MiKTeX 2.9\tex/generic/infwarerr\infware
rr.sty"
Package: infwarerr 2019/12/03 v1.5 Providing info/warning/error messages (HO)
)
Package pdftexcmds Info: \pdf@primitive is available.
Package pdftexcmds Info: \pdf@ifprimitive is available.
Package pdftexcmds Info: \pdfdraftmode found.
)
("C:\Users\User\AppData\Local\Programs\MiKTeX 2.9\tex/generic/kvsetkeys\kvsetke
ys.sty"
Package: kvsetkeys 2019/12/15 v1.18 Key value parser (HO)
)
("C:\Users\User\AppData\Local\Programs\MiKTeX 2.9\tex/generic/kvdefinekeys\kvde
finekeys.sty"
Package: kvdefinekeys 2019-12-19 v1.6 Define keys (HO)
)
("C:\Users\User\AppData\Local\Programs\MiKTeX 2.9\tex/generic/pdfescape\pdfesca
pe.sty"
Package: pdfescape 2019/12/09 v1.15 Implements pdfTeX's escape features (HO)
)
("C:\Users\User\AppData\Local\Programs\MiKTeX 2.9\tex/latex/hycolor\hycolor.sty
"
Package: hycolor 2020-01-27 v1.10 Color options for hyperref/bookmark (HO)
)
("C:\Users\User\AppData\Local\Programs\MiKTeX 2.9\tex/latex/letltxmacro\letltxm
acro.sty"
Package: letltxmacro 2019/12/03 v1.6 Let assignment for LaTeX macros (HO)
)
("C:\Users\User\AppData\Local\Programs\MiKTeX 2.9\tex/latex/auxhook\auxhook.sty
"
Package: auxhook 2019-12-17 v1.6 Hooks for auxiliary files (HO)
)
("C:\Users\User\AppData\Local\Programs\MiKTeX 2.9\tex/latex/kvoptions\kvoptions
.sty"
Package: kvoptions 2020-10-07 v3.14 Key value format for package options (HO)
)
\@linkdim=\dimen172
\Hy@linkcounter=\count282
\Hy@pagecounter=\count283

("C:\Users\User\AppData\Local\Programs\MiKTeX 2.9\tex/latex/hyperref\pd1enc.def
"
File: pd1enc.def 2020-05-15 v7.00e Hyperref: PDFDocEncoding definition (HO)
Now handling font encoding PD1 ...
... no UTF-8 mapping file for font encoding PD1
)
("C:\Users\User\AppData\Local\Programs\MiKTeX 2.9\tex/generic/intcalc\intcalc.s
ty"
Package: intcalc 2019/12/15 v1.3 Expandable calculations with integers (HO)
)
("C:\Users\User\AppData\Local\Programs\MiKTeX 2.9\tex/generic/etexcmds\etexcmds
.sty"
Package: etexcmds 2019/12/15 v1.7 Avoid name clashes with e-TeX commands (HO)
)
\Hy@SavedSpaceFactor=\count284
Package hyperref Info: Hyper figures OFF on input line 4464.
Package hyperref Info: Link nesting OFF on input line 4469.
Package hyperref Info: Hyper index ON on input line 4472.
Package hyperref Info: Plain pages OFF on input line 4479.
Package hyperref Info: Backreferencing OFF on input line 4484.
Package hyperref Info: Implicit mode ON; LaTeX internals redefined.
Package hyperref Info: Bookmarks ON on input line 4717.
\c@Hy@tempcnt=\count285
 ("C:\Users\User\AppData\Local\Programs\MiKTeX 2.9\tex/latex/url\url.sty"
\Urlmuskip=\muskip17
Package: url 2013/09/16  ver 3.4  Verb mode for urls, etc.
)
LaTeX Info: Redefining \url on input line 5076.
\XeTeXLinkMargin=\dimen173

("C:\Users\User\AppData\Local\Programs\MiKTeX 2.9\tex/generic/bitset\bitset.sty
"
Package: bitset 2019/12/09 v1.3 Handle bit-vector datatype (HO)

("C:\Users\User\AppData\Local\Programs\MiKTeX 2.9\tex/generic/bigintcalc\bigint
calc.sty"
Package: bigintcalc 2019/12/15 v1.5 Expandable calculations on big integers (HO
)
))
\Fld@menulength=\count286
\Field@Width=\dimen174
\Fld@charsize=\dimen175
Package hyperref Info: Hyper figures OFF on input line 6347.
Package hyperref Info: Link nesting OFF on input line 6352.
Package hyperref Info: Hyper index ON on input line 6355.
Package hyperref Info: backreferencing OFF on input line 6362.
Package hyperref Info: Link coloring OFF on input line 6367.
Package hyperref Info: Link coloring with OCG OFF on input line 6372.
Package hyperref Info: PDF/A mode OFF on input line 6377.
LaTeX Info: Redefining \ref on input line 6417.
LaTeX Info: Redefining \pageref on input line 6421.

("C:\Users\User\AppData\Local\Programs\MiKTeX 2.9\tex/latex/base\atbegshi-ltx.s
ty"
Package: atbegshi-ltx 2020/08/17 v1.0a Emulation of the original atbegshi packa
ge
with kernel methods
)
\Hy@abspage=\count287
\c@Item=\count288
\c@Hfootnote=\count289
)
Package hyperref Info: Driver (autodetected): hpdftex.

("C:\Users\User\AppData\Local\Programs\MiKTeX 2.9\tex/latex/hyperref\hpdftex.de
f"
File: hpdftex.def 2020-05-15 v7.00e Hyperref driver for pdfTeX

("C:\Users\User\AppData\Local\Programs\MiKTeX 2.9\tex/latex/base\atveryend-ltx.
sty"
Package: atveryend-ltx 2020/08/19 v1.0a Emulation of the original atvery packag
e
with kernel methods
)
\Fld@listcount=\count290
\c@bookmark@seq@number=\count291

("C:\Users\User\AppData\Local\Programs\MiKTeX 2.9\tex/latex/rerunfilecheck\reru
nfilecheck.sty"
Package: rerunfilecheck 2019/12/05 v1.9 Rerun checks for auxiliary files (HO)

("C:\Users\User\AppData\Local\Programs\MiKTeX 2.9\tex/generic/uniquecounter\uni
quecounter.sty"
Package: uniquecounter 2019/12/15 v1.4 Provide unlimited unique counter (HO)
)
Package uniquecounter Info: New unique counter `rerunfilecheck' on input line 2
86.
)
\Hy@SectionHShift=\skip55
)
("C:\Users\User\AppData\Local\Programs\MiKTeX 2.9\tex/latex/xcolor\xcolor.sty"
Package: xcolor 2016/05/11 v2.12 LaTeX color extensions (UK)

("C:\Users\User\AppData\Local\Programs\MiKTeX 2.9\tex/latex/graphics-cfg\color.
cfg"
File: color.cfg 2016/01/02 v1.6 sample color configuration
)
Package xcolor Info: Driver file: pdftex.def on input line 225.
Package xcolor Info: Model `cmy' substituted by `cmy0' on input line 1348.
Package xcolor Info: Model `hsb' substituted by `rgb' on input line 1352.
Package xcolor Info: Model `RGB' extended on input line 1364.
Package xcolor Info: Model `HTML' substituted by `rgb' on input line 1366.
Package xcolor Info: Model `Hsb' substituted by `hsb' on input line 1367.
Package xcolor Info: Model `tHsb' substituted by `hsb' on input line 1368.
Package xcolor Info: Model `HSB' substituted by `hsb' on input line 1369.
Package xcolor Info: Model `Gray' substituted by `gray' on input line 1370.
Package xcolor Info: Model `wave' substituted by `hsb' on input line 1371.
)
("C:\Users\User\AppData\Local\Programs\MiKTeX 2.9\tex/latex/l3packages/xparse\x
parse.sty"
("C:\Users\User\AppData\Local\Programs\MiKTeX 2.9\tex/latex/l3kernel\expl3.sty"
Package: expl3 2020-10-05 L3 programming layer (loader) 

("C:\Users\User\AppData\Local\Programs\MiKTeX 2.9\tex/latex/l3backend\l3backend
-pdftex.def"
File: l3backend-pdftex.def 2020-09-24 L3 backend support: PDF output (pdfTeX)
\l__kernel_color_stack_int=\count292
\l__pdf_internal_box=\box54
))
Package: xparse 2020-10-05 L3 Experimental document command parser

("C:\Users\User\AppData\Local\Programs\MiKTeX 2.9\tex/latex/l3packages/xparse\x
parse-generic.tex"))
("C:\Users\User\AppData\Local\Programs\MiKTeX 2.9\tex/latex/listings\lstlang1.s
ty"
File: lstlang1.sty 2020/03/24 1.8d listings language file
) ("Filter Design Assignment.aux")
\openout1 = `"Filter Design Assignment.aux"'.

LaTeX Font Info:    Checking defaults for OML/cmm/m/it on input line 57.
LaTeX Font Info:    ... okay on input line 57.
LaTeX Font Info:    Checking defaults for OMS/cmsy/m/n on input line 57.
LaTeX Font Info:    ... okay on input line 57.
LaTeX Font Info:    Checking defaults for OT1/cmr/m/n on input line 57.
LaTeX Font Info:    ... okay on input line 57.
LaTeX Font Info:    Checking defaults for T1/cmr/m/n on input line 57.
LaTeX Font Info:    ... okay on input line 57.
LaTeX Font Info:    Checking defaults for TS1/cmr/m/n on input line 57.
LaTeX Font Info:    ... okay on input line 57.
LaTeX Font Info:    Checking defaults for OMX/cmex/m/n on input line 57.
LaTeX Font Info:    ... okay on input line 57.
LaTeX Font Info:    Checking defaults for U/cmr/m/n on input line 57.
LaTeX Font Info:    ... okay on input line 57.
LaTeX Font Info:    Checking defaults for PD1/pdf/m/n on input line 57.
LaTeX Font Info:    ... okay on input line 57.

("C:\Users\User\AppData\Local\Programs\MiKTeX 2.9\tex/context/base/mkii\supp-pd
f.mkii"
[Loading MPS to PDF converter (version 2006.09.02).]
\scratchcounter=\count293
\scratchdimen=\dimen176
\scratchbox=\box55
\nofMPsegments=\count294
\nofMParguments=\count295
\everyMPshowfont=\toks28
\MPscratchCnt=\count296
\MPscratchDim=\dimen177
\MPnumerator=\count297
\makeMPintoPDFobject=\count298
\everyMPtoPDFconversion=\toks29
)
("C:\Users\User\AppData\Local\Programs\MiKTeX 2.9\tex/latex/epstopdf-pkg\epstop
df-base.sty"
Package: epstopdf-base 2020-01-24 v2.11 Base part for package epstopdf
Package epstopdf-base Info: Redefining graphics rule for `.eps' on input line 4
85.
)
Package caption Info: Begin \AtBeginDocument code.
Package caption Info: float package is loaded.
Package caption Info: hyperref package is loaded.
Package caption Info: listings package is loaded.
Package caption Info: End \AtBeginDocument code.
\c@lstlisting=\count299

*geometry* driver: auto-detecting
*geometry* detected driver: pdftex
*geometry* verbose mode - [ preamble ] result:
* driver: pdftex
* paper: a4paper
* layout: <same size as paper>
* layoutoffset:(h,v)=(0.0pt,0.0pt)
* modes: 
* h-part:(L,W,R)=(56.9055pt, 483.69684pt, 56.90553pt)
* v-part:(T,H,B)=(56.9055pt, 731.23582pt, 56.90552pt)
* \paperwidth=597.50787pt
* \paperheight=845.04684pt
* \textwidth=483.69684pt
* \textheight=731.23582pt
* \oddsidemargin=-15.36449pt
* \evensidemargin=-15.36449pt
* \topmargin=-52.36449pt
* \headheight=12.0pt
* \headsep=25.0pt
* \topskip=12.0pt
* \footskip=30.0pt
* \marginparwidth=44.0pt
* \marginparsep=10.0pt
* \columnsep=10.0pt
* \skip\footins=10.8pt plus 4.0pt minus 2.0pt
* \hoffset=0.0pt
* \voffset=0.0pt
* \mag=1000
* \@twocolumnfalse
* \@twosidefalse
* \@mparswitchfalse
* \@reversemarginfalse
* (1in=72.27pt=25.4mm, 1cm=28.453pt)

Package hyperref Info: Link coloring OFF on input line 57.

("C:\Users\User\AppData\Local\Programs\MiKTeX 2.9\tex/latex/hyperref\nameref.st
y"
Package: nameref 2019/09/16 v2.46 Cross-referencing by name of section

("C:\Users\User\AppData\Local\Programs\MiKTeX 2.9\tex/latex/refcount\refcount.s
ty"
Package: refcount 2019/12/15 v3.6 Data extraction from label references (HO)
)
("C:\Users\User\AppData\Local\Programs\MiKTeX 2.9\tex/generic/gettitlestring\ge
ttitlestring.sty"
Package: gettitlestring 2019/12/15 v1.6 Cleanup title references (HO)
)
\c@section@level=\count300
)
LaTeX Info: Redefining \ref on input line 57.
LaTeX Info: Redefining \pageref on input line 57.
LaTeX Info: Redefining \nameref on input line 57.
 ("Filter Design Assignment.out")
("Filter Design Assignment.out")
\@outlinefile=\write3
\openout3 = `"Filter Design Assignment.out"'.

 [1

{C:/Users/User/AppData/Local/MiKTeX/2.9/pdftex/config/pdftex.map}] ("Filter Des
ign Assignment.toc"pdfTeX warning (ext4): destination with the same identifier 
(name{page.}) has been already used, duplicate ignored
<to be read again> 
                   \relax 
l.31 ...ter Transfer function}{22}{subsection.4.6}
                                                  % [2])
\tf@toc=\write4
\openout4 = `"Filter Design Assignment.toc"'.

pdfTeX warning (ext4): destination with the same identifier (name{page.}) has b
een already used, duplicate ignored
<to be read again> 
                   \relax 
l.71 	\newpage
               [3]
Underfull \hbox (badness 10000) in paragraph at lines 101--106

 []


Underfull \hbox (badness 10000) in paragraph at lines 119--120

 []

[1]
Underfull \hbox (badness 10000) in paragraph at lines 138--140

 []

[2] [3]
<Butterworthpoles.png, id=301, 395.076pt x 358.03763pt>
File: Butterworthpoles.png Graphic file (type png)
<use Butterworthpoles.png>
Package pdftex.def Info: Butterworthpoles.png  used on input line 243.
(pdftex.def)             Requested size: 142.26378pt x 128.92622pt.

Overfull \hbox (2.58258pt too wide) detected at line 263
[]
 []

<Filter1ALPF.jpg, id=303, 1405.25pt x 1053.9375pt>
File: Filter1ALPF.jpg Graphic file (type jpg)
<use Filter1ALPF.jpg>
Package pdftex.def Info: Filter1ALPF.jpg  used on input line 266.
(pdftex.def)             Requested size: 341.43306pt x 256.07002pt.
[4 <./Butterworthpoles.png>]
<Filter1ABPF.jpg, id=313, 1405.25pt x 1053.9375pt>
File: Filter1ABPF.jpg Graphic file (type jpg)
<use Filter1ABPF.jpg>
Package pdftex.def Info: Filter1ABPF.jpg  used on input line 319.
(pdftex.def)             Requested size: 341.43306pt x 256.07002pt.
 [5 <./Filter1ALPF.jpg>]
<Filter1PZ.jpg, id=321, 3212.0pt x 1366.10374pt>
File: Filter1PZ.jpg Graphic file (type jpg)
<use Filter1PZ.jpg>
Package pdftex.def Info: Filter1PZ.jpg  used on input line 390.
(pdftex.def)             Requested size: 455.24408pt x 193.6087pt.
 [6 <./Filter1ABPF.jpg>]
<Filter1MagPhase.jpg, id=328, 3212.0pt x 1366.10374pt>
File: Filter1MagPhase.jpg Graphic file (type jpg)
<use Filter1MagPhase.jpg>
Package pdftex.def Info: Filter1MagPhase.jpg  used on input line 395.
(pdftex.def)             Requested size: 455.2152pt x 284.51392pt.
<Filter1DBPF.png, id=329, 3212.0pt x 1533.73pt>
File: Filter1DBPF.png Graphic file (type png)
<use Filter1DBPF.png>
Package pdftex.def Info: Filter1DBPF.png  used on input line 399.
(pdftex.def)             Requested size: 455.2152pt x 284.5079pt.

[7 <./Filter1PZ.jpg> <./Filter1MagPhase.jpg>]
<Filter1hn.png, id=337, 736.25063pt x 331.53862pt>
File: Filter1hn.png Graphic file (type png)
<use Filter1hn.png>
Package pdftex.def Info: Filter1hn.png  used on input line 417.
(pdftex.def)             Requested size: 512.1496pt x 230.63873pt.

Overfull \hbox (28.45276pt too wide) in paragraph at lines 417--418
 [][] 
 []

[8 <./Filter1DBPF.png>]
<FIRFilter1hn.png, id=343, 2409.0pt x 1024.57782pt>
File: FIRFilter1hn.png Graphic file (type png)
<use FIRFilter1hn.png>
Package pdftex.def Info: FIRFilter1hn.png  used on input line 424.
(pdftex.def)             Requested size: 512.1496pt x 217.82542pt.

Overfull \hbox (28.45276pt too wide) in paragraph at lines 424--425
 [][] 
 []

<FIRFilter1MagPhase.png, id=344, 2409.0pt x 1024.57782pt>
File: FIRFilter1MagPhase.png Graphic file (type png)
<use FIRFilter1MagPhase.png>
Package pdftex.def Info: FIRFilter1MagPhase.png  used on input line 428.
(pdftex.def)             Requested size: 512.15385pt x 284.51913pt.

Overfull \hbox (28.45702pt too wide) in paragraph at lines 428--429
 [][] 
 []

<FIRFilter1UBPF.png, id=345, 2409.0pt x 1150.2975pt>
File: FIRFilter1UBPF.png Graphic file (type png)
<use FIRFilter1UBPF.png>
Package pdftex.def Info: FIRFilter1UBPF.png  used on input line 432.
(pdftex.def)             Requested size: 512.1496pt x 244.55347pt.

Overfull \hbox (28.45276pt too wide) in paragraph at lines 432--433
 [][] 
 []

[9 <./Filter1hn.png> <./FIRFilter1hn.png (PNG copy)>] [10 <./FIRFilter1MagPhase
.png (PNG copy)> <./FIRFilter1UBPF.png (PNG copy)>]
Underfull \hbox (badness 10000) in paragraph at lines 464--469

 []


Underfull \hbox (badness 10000) in paragraph at lines 483--484

 []

[11]
Underfull \hbox (badness 10000) in paragraph at lines 503--505

 []

[12]
<Chebyshevpoles.png, id=368, 328.8285pt x 345.6915pt>
File: Chebyshevpoles.png Graphic file (type png)
<use Chebyshevpoles.png>
Package pdftex.def Info: Chebyshevpoles.png  used on input line 601.
(pdftex.def)             Requested size: 170.72086pt x 142.2619pt.
 [13]
<Filter2ALPF.jpg, id=373, 1405.25pt x 1053.9375pt>
File: Filter2ALPF.jpg Graphic file (type jpg)
<use Filter2ALPF.jpg>
Package pdftex.def Info: Filter2ALPF.jpg  used on input line 623.
(pdftex.def)             Requested size: 341.43306pt x 256.07002pt.
 [14 <./Chebyshevpoles.png> <./Filter2ALPF.jpg>]
<Filter2ABSF.jpg, id=381, 1405.25pt x 1053.9375pt>
File: Filter2ABSF.jpg Graphic file (type jpg)
<use Filter2ABSF.jpg>
Package pdftex.def Info: Filter2ABSF.jpg  used on input line 644.
(pdftex.def)             Requested size: 341.43306pt x 266.87698pt.

Overfull \hbox (14.96439pt too wide) detected at line 657
[]
 []

<Filter2PZ.jpg, id=383, 3212.0pt x 1366.10374pt>
File: Filter2PZ.jpg Graphic file (type jpg)
<use Filter2PZ.jpg>
Package pdftex.def Info: Filter2PZ.jpg  used on input line 660.
(pdftex.def)             Requested size: 512.1496pt x 217.8098pt.

Overfull \hbox (28.45276pt too wide) in paragraph at lines 660--661
 [][] 
 []

[15 <./Filter2ABSF.jpg>]
<Filter2MagPhase.jpg, id=390, 3212.0pt x 1366.10374pt>
File: Filter2MagPhase.jpg Graphic file (type jpg)
<use Filter2MagPhase.jpg>
Package pdftex.def Info: Filter2MagPhase.jpg  used on input line 665.
(pdftex.def)             Requested size: 512.1171pt x 284.51392pt.

Overfull \hbox (28.42026pt too wide) in paragraph at lines 665--666
 [][] 
 []

<Filter2DBSF.jpg, id=391, 3212.0pt x 1533.73pt>
File: Filter2DBSF.jpg Graphic file (type jpg)
<use Filter2DBSF.jpg>
Package pdftex.def Info: Filter2DBSF.jpg  used on input line 669.
(pdftex.def)             Requested size: 512.1496pt x 244.5359pt.

Overfull \hbox (28.45276pt too wide) in paragraph at lines 669--670
 [][] 
 []

[16 <./Filter2PZ.jpg> <./Filter2MagPhase.jpg>]
<Filter2hn.png, id=400, 692.28638pt x 286.97212pt>
File: Filter2hn.png Graphic file (type png)
<use Filter2hn.png>
Package pdftex.def Info: Filter2hn.png  used on input line 687.
(pdftex.def)             Requested size: 512.1496pt x 212.30786pt.

Overfull \hbox (28.45276pt too wide) in paragraph at lines 687--688
 [][] 
 []

[17 <./Filter2DBSF.jpg>]
<FIRFilter2hn.png, id=407, 2409.0pt x 1024.57782pt>
File: FIRFilter2hn.png Graphic file (type png)
<use FIRFilter2hn.png>
Package pdftex.def Info: FIRFilter2hn.png  used on input line 694.
(pdftex.def)             Requested size: 512.1496pt x 217.82542pt.

Overfull \hbox (28.45276pt too wide) in paragraph at lines 694--695
 [][] 
 []

<FIRFilter2MagPhase.png, id=408, 2409.0pt x 1024.57782pt>
File: FIRFilter2MagPhase.png Graphic file (type png)
<use FIRFilter2MagPhase.png>
Package pdftex.def Info: FIRFilter2MagPhase.png  used on input line 698.
(pdftex.def)             Requested size: 512.15385pt x 284.51913pt.

Overfull \hbox (28.45702pt too wide) in paragraph at lines 698--699
 [][] 
 []

<FIRFilter2UBSF.png, id=409, 2409.0pt x 1150.2975pt>
File: FIRFilter2UBSF.png Graphic file (type png)
<use FIRFilter2UBSF.png>
Package pdftex.def Info: FIRFilter2UBSF.png  used on input line 702.
(pdftex.def)             Requested size: 512.1496pt x 244.55347pt.

Overfull \hbox (28.45276pt too wide) in paragraph at lines 702--703
 [][] 
 []

[18 <./Filter2hn.png> <./FIRFilter2hn.png (PNG copy)>] [19 <./FIRFilter2MagPhas
e.png (PNG copy)> <./FIRFilter2UBSF.png (PNG copy)>]
Underfull \hbox (badness 10000) in paragraph at lines 731--736

 []


Underfull \hbox (badness 10000) in paragraph at lines 749--750

 []

[20]
Underfull \hbox (badness 10000) in paragraph at lines 768--770

 []

[21] [22] [23]
<Filter3ALPF.jpg, id=440, 3212.0pt x 1533.73pt>
File: Filter3ALPF.jpg Graphic file (type jpg)
<use Filter3ALPF.jpg>
Package pdftex.def Info: Filter3ALPF.jpg  used on input line 928.
(pdftex.def)             Requested size: 512.1496pt x 244.5359pt.

Overfull \hbox (28.45276pt too wide) in paragraph at lines 928--929
 [][] 
 []

[24 <./Filter3ALPF.jpg>]
<Filter3ABPF.jpg, id=446, 3212.0pt x 1533.73pt>
File: Filter3ABPF.jpg Graphic file (type jpg)
<use Filter3ABPF.jpg>
Package pdftex.def Info: Filter3ABPF.jpg  used on input line 949.
(pdftex.def)             Requested size: 512.1496pt x 248.95905pt.

Overfull \hbox (28.45276pt too wide) in paragraph at lines 949--950
 [][] 
 []

<Filter3PZ.jpg, id=448, 3212.0pt x 1366.10374pt>
File: Filter3PZ.jpg Graphic file (type jpg)
<use Filter3PZ.jpg>
Package pdftex.def Info: Filter3PZ.jpg  used on input line 967.
(pdftex.def)             Requested size: 512.1496pt x 217.8098pt.

Overfull \hbox (28.45276pt too wide) in paragraph at lines 967--968
 [][] 
 []

[25 <./Filter3ABPF.jpg>]
<Filter3MagPhase.jpg, id=455, 3212.0pt x 1366.10374pt>
File: Filter3MagPhase.jpg Graphic file (type jpg)
<use Filter3MagPhase.jpg>
Package pdftex.def Info: Filter3MagPhase.jpg  used on input line 972.
(pdftex.def)             Requested size: 512.1171pt x 284.51392pt.

Overfull \hbox (28.42026pt too wide) in paragraph at lines 972--973
 [][] 
 []

<Filter3DBPF.jpg, id=456, 3212.0pt x 1533.73pt>
File: Filter3DBPF.jpg Graphic file (type jpg)
<use Filter3DBPF.jpg>
Package pdftex.def Info: Filter3DBPF.jpg  used on input line 976.
(pdftex.def)             Requested size: 512.1496pt x 244.5359pt.

Overfull \hbox (28.45276pt too wide) in paragraph at lines 976--977
 [][] 
 []

[26 <./Filter3PZ.jpg> <./Filter3MagPhase.jpg>]
Underfull \hbox (badness 10000) in paragraph at lines 997--1002

 []

[27 <./Filter3DBPF.jpg>]
Underfull \hbox (badness 10000) in paragraph at lines 1016--1017

 []


Underfull \hbox (badness 10000) in paragraph at lines 1035--1037

 []

[28] [29] [30]
<Filter4ALPF.jpg, id=483, 3212.0pt x 1533.73pt>
File: Filter4ALPF.jpg Graphic file (type jpg)
<use Filter4ALPF.jpg>
Package pdftex.def Info: Filter4ALPF.jpg  used on input line 1197.
(pdftex.def)             Requested size: 512.1496pt x 244.5359pt.

Overfull \hbox (28.45276pt too wide) in paragraph at lines 1197--1198
 [][] 
 []

[31]
<Filter4ABSF.jpg, id=488, 3212.0pt x 1533.73pt>
File: Filter4ABSF.jpg Graphic file (type jpg)
<use Filter4ABSF.jpg>
Package pdftex.def Info: Filter4ABSF.jpg  used on input line 1218.
(pdftex.def)             Requested size: 455.24408pt x 221.29692pt.
 [32 <./Filter4ABSF.jpg> <./Filter4ALPF.jpg>]
<Filter4PZ.jpg, id=497, 3212.0pt x 1366.10374pt>
File: Filter4PZ.jpg Graphic file (type jpg)
<use Filter4PZ.jpg>
Package pdftex.def Info: Filter4PZ.jpg  used on input line 1234.
(pdftex.def)             Requested size: 512.1496pt x 217.8098pt.

Overfull \hbox (28.45276pt too wide) in paragraph at lines 1234--1235
 [][] 
 []

<Filter4MagPhase.jpg, id=498, 3212.0pt x 1366.10374pt>
File: Filter4MagPhase.jpg Graphic file (type jpg)
<use Filter4MagPhase.jpg>
Package pdftex.def Info: Filter4MagPhase.jpg  used on input line 1238.
(pdftex.def)             Requested size: 512.1171pt x 284.51392pt.

Overfull \hbox (28.42026pt too wide) in paragraph at lines 1238--1239
 [][] 
 []

<Filter4DBSF.jpg, id=499, 3212.0pt x 1533.73pt>
File: Filter4DBSF.jpg Graphic file (type jpg)
<use Filter4DBSF.jpg>
Package pdftex.def Info: Filter4DBSF.jpg  used on input line 1242.
(pdftex.def)             Requested size: 512.1496pt x 244.5359pt.

Overfull \hbox (28.45276pt too wide) in paragraph at lines 1242--1243
 [] 
 []

[33 <./Filter4PZ.jpg> <./Filter4MagPhase.jpg>]

Package hyperref Warning: Difference (2) between bookmark levels is greater 
(hyperref)                than one, level fixed on input line 1255.

[34 <./Filter4DBSF.jpg>]
Underfull \hbox (badness 10000) in paragraph at lines 1280--1281

 []


Underfull \hbox (badness 10000) in paragraph at lines 1287--1288

 []

(../code/ButterworthFilter.m [35] [36]
LaTeX Font Info:    Trying to load font information for OMS+cmr on input line 9
5.

("C:\Users\User\AppData\Local\Programs\MiKTeX 2.9\tex/latex/base\omscmr.fd"
File: omscmr.fd 2019/12/16 v2.5j Standard LaTeX font definitions
)
LaTeX Font Info:    Font shape `OMS/cmr/m/n' in size <12> not available
(Font)              Font shape `OMS/cmsy/m/n' tried instead on input line 95.
)
[37] (../code/ChebyshevFilter.m [38] [39]) (../code/IdealLPF.m)
(../code/FIR1Bandpass.m [40]
LaTeX Font Info:    Trying to load font information for OML+cmr on input line 1
5.

("C:\Users\User\AppData\Local\Programs\MiKTeX 2.9\tex/latex/base\omlcmr.fd"
File: omlcmr.fd 2019/12/16 v2.5j Standard LaTeX font definitions
)
LaTeX Font Info:    Font shape `OML/cmr/m/n' in size <12> not available
(Font)              Font shape `OML/cmm/m/it' tried instead on input line 15.

[41]) (../code/FIR2Bandstop.m [42]) (../code/EllipticBandPass.m [43] [44]
[45]) (../code/EllipticBandStop.m [46] [47]) [48] ("Filter Design Assignment.au
x")
Package rerunfilecheck Info: File `"Filter Design Assignment".out' has not chan
ged.
(rerunfilecheck)             Checksum: D7CD221400AEE3A7DA58636BCEFE65E8;4325.
 ) 
Here is how much of TeX's memory you used:
 12719 strings out of 480237
 195048 string characters out of 2879120
 971545 words of memory out of 3000000
 28270 multiletter control sequences out of 15000+200000
 542194 words of font info for 54 fonts, out of 3000000 for 9000
 1141 hyphenation exceptions out of 8191
 66i,12n,74p,620b,2354s stack positions out of 5000i,500n,10000p,200000b,50000s
 <C:\Users\User\AppData\Local\MiKTeX\2.9\fonts/pk/ljfour/jknappen/ec/dpi600\t
crm1200.pk><C:/Users/User/AppData/Local/Programs/MiKTeX 2.9/fonts/type1/public/
amsfonts/cm/cmbx12.pfb><C:/Users/User/AppData/Local/Programs/MiKTeX 2.9/fonts/t
ype1/public/amsfonts/cm/cmex10.pfb><C:/Users/User/AppData/Local/Programs/MiKTeX
 2.9/fonts/type1/public/amsfonts/cm/cmmi12.pfb><C:/Users/User/AppData/Local/Pro
grams/MiKTeX 2.9/fonts/type1/public/amsfonts/cm/cmmi6.pfb><C:/Users/User/AppDat
a/Local/Programs/MiKTeX 2.9/fonts/type1/public/amsfonts/cm/cmmi8.pfb><C:/Users/
User/AppData/Local/Programs/MiKTeX 2.9/fonts/type1/public/amsfonts/cm/cmr12.pfb
><C:/Users/User/AppData/Local/Programs/MiKTeX 2.9/fonts/type1/public/amsfonts/c
m/cmr6.pfb><C:/Users/User/AppData/Local/Programs/MiKTeX 2.9/fonts/type1/public/
amsfonts/cm/cmr8.pfb><C:/Users/User/AppData/Local/Programs/MiKTeX 2.9/fonts/typ
e1/public/amsfonts/cm/cmsy10.pfb><C:/Users/User/AppData/Local/Programs/MiKTeX 2
.9/fonts/type1/public/amsfonts/cm/cmsy8.pfb><C:/Users/User/AppData/Local/Progra
ms/MiKTeX 2.9/fonts/type1/public/amsfonts/cm/cmtt12.pfb>
Output written on "Filter Design Assignment.pdf" (51 pages, 4575862 bytes).
PDF statistics:
 1410 PDF objects out of 1440 (max. 8388607)
 773 named destinations out of 1000 (max. 500000)
 611 words of extra memory for PDF output out of 10000 (max. 10000000)

